TN:
SF:/Users/lisen/code/unit-test-ci/src/linkedList.js
FN:2,(anonymous_0)
FN:7,(anonymous_1)
FN:11,(anonymous_2)
FN:17,(anonymous_3)
FN:22,(anonymous_4)
FN:38,(anonymous_5)
FN:63,(anonymous_6)
FN:86,(anonymous_7)
FN:90,(anonymous_8)
FNF:9
FNH:8
FNDA:10,(anonymous_0)
FNDA:8,(anonymous_1)
FNDA:17,(anonymous_2)
FNDA:4,(anonymous_3)
FNDA:9,(anonymous_4)
FNDA:1,(anonymous_5)
FNDA:1,(anonymous_6)
FNDA:0,(anonymous_7)
FNDA:3,(anonymous_8)
DA:3,10
DA:4,10
DA:8,8
DA:12,17
DA:18,4
DA:19,4
DA:23,9
DA:24,9
DA:25,4
DA:26,4
DA:27,4
DA:30,5
DA:31,5
DA:32,1
DA:34,5
DA:35,5
DA:39,1
DA:40,0
DA:43,1
DA:44,1
DA:45,1
DA:46,1
DA:48,1
DA:49,0
DA:50,0
DA:52,1
DA:53,1
DA:54,1
DA:55,1
DA:57,1
DA:58,1
DA:60,1
DA:64,1
DA:65,0
DA:68,1
DA:69,1
DA:70,1
DA:72,1
DA:73,0
DA:75,1
DA:76,1
DA:77,1
DA:78,1
DA:80,1
DA:82,1
DA:83,1
DA:87,0
DA:91,3
DA:92,3
DA:93,3
DA:94,7
DA:95,7
DA:97,3
LF:53
LH:47
BRDA:24,0,0,4
BRDA:24,0,1,5
BRDA:39,1,0,0
BRDA:39,1,1,1
BRDA:39,2,0,1
BRDA:39,2,1,1
BRDA:48,3,0,0
BRDA:48,3,1,1
BRDA:64,4,0,0
BRDA:64,4,1,1
BRDA:64,5,0,1
BRDA:64,5,1,1
BRDA:72,6,0,0
BRDA:72,6,1,1
BRF:14
BRH:10
end_of_record
